<?xml version="1.0" encoding="UTF-8"?>
<!-- Generated by org.testng.reporters.JUnitReportReporter -->
<testsuite hostname="Taseers-MacBook-Pro.local" failures="0" tests="2" name="PostCodeTest" time="0.669" errors="0" timestamp="18 Feb 2021 20:30:45 GMT">
  <testcase classname="PostCodeTest" name="invalidPostCodeStatusCodeVerification" time="0.048"/>
  <testcase classname="PostCodeTest" name="invalidPostCodeResultVerification" time="0.621"/>
</testsuite> <!-- PostCodeTest -->
